Determining if the pthread_create exist failed with the following output:
Change Dir: /home/glee/lte/openlte-code/polarssl/build/CMakeFiles/CMakeTmp

Run Build Command:"/usr/bin/make" "cmTC_0d647/fast"
/usr/bin/make -f CMakeFiles/cmTC_0d647.dir/build.make CMakeFiles/cmTC_0d647.dir/build
make[1]: Entering directory '/home/glee/lte/openlte-code/polarssl/build/CMakeFiles/CMakeTmp'
Building C object CMakeFiles/cmTC_0d647.dir/CheckSymbolExists.c.o
/usr/bin/cc    -Wall -Wextra -W -Wdeclaration-after-statement -Wwrite-strings -Wlogical-op -Wshadow    -o CMakeFiles/cmTC_0d647.dir/CheckSymbolExists.c.o   -c /home/glee/lte/openlte-code/polarssl/build/CMakeFiles/CMakeTmp/CheckSymbolExists.c
Linking C executable cmTC_0d647
/usr/bin/cmake -E cmake_link_script CMakeFiles/cmTC_0d647.dir/link.txt --verbose=1
/usr/bin/cc   -Wall -Wextra -W -Wdeclaration-after-statement -Wwrite-strings -Wlogical-op -Wshadow     CMakeFiles/cmTC_0d647.dir/CheckSymbolExists.c.o  -o cmTC_0d647 -rdynamic 
CMakeFiles/cmTC_0d647.dir/CheckSymbolExists.c.o: In function `main':
CheckSymbolExists.c:(.text+0x16): undefined reference to `pthread_create'
collect2: error: ld returned 1 exit status
CMakeFiles/cmTC_0d647.dir/build.make:97: recipe for target 'cmTC_0d647' failed
make[1]: *** [cmTC_0d647] Error 1
make[1]: Leaving directory '/home/glee/lte/openlte-code/polarssl/build/CMakeFiles/CMakeTmp'
Makefile:126: recipe for target 'cmTC_0d647/fast' failed
make: *** [cmTC_0d647/fast] Error 2

File /home/glee/lte/openlte-code/polarssl/build/CMakeFiles/CMakeTmp/CheckSymbolExists.c:
/* */
#include <pthread.h>

int main(int argc, char** argv)
{
  (void)argv;
#ifndef pthread_create
  return ((int*)(&pthread_create))[argc];
#else
  (void)argc;
  return 0;
#endif
}

Determining if the function pthread_create exists in the pthreads failed with the following output:
Change Dir: /home/glee/lte/openlte-code/polarssl/build/CMakeFiles/CMakeTmp

Run Build Command:"/usr/bin/make" "cmTC_c94b6/fast"
/usr/bin/make -f CMakeFiles/cmTC_c94b6.dir/build.make CMakeFiles/cmTC_c94b6.dir/build
make[1]: Entering directory '/home/glee/lte/openlte-code/polarssl/build/CMakeFiles/CMakeTmp'
Building C object CMakeFiles/cmTC_c94b6.dir/CheckFunctionExists.c.o
/usr/bin/cc    -Wall -Wextra -W -Wdeclaration-after-statement -Wwrite-strings -Wlogical-op -Wshadow -DCHECK_FUNCTION_EXISTS=pthread_create   -o CMakeFiles/cmTC_c94b6.dir/CheckFunctionExists.c.o   -c /usr/share/cmake-3.5/Modules/CheckFunctionExists.c
Linking C executable cmTC_c94b6
/usr/bin/cmake -E cmake_link_script CMakeFiles/cmTC_c94b6.dir/link.txt --verbose=1
/usr/bin/cc   -Wall -Wextra -W -Wdeclaration-after-statement -Wwrite-strings -Wlogical-op -Wshadow -DCHECK_FUNCTION_EXISTS=pthread_create    CMakeFiles/cmTC_c94b6.dir/CheckFunctionExists.c.o  -o cmTC_c94b6 -rdynamic -lpthreads 
/usr/bin/ld: cannot find -lpthreads
collect2: error: ld returned 1 exit status
CMakeFiles/cmTC_c94b6.dir/build.make:97: recipe for target 'cmTC_c94b6' failed
make[1]: *** [cmTC_c94b6] Error 1
make[1]: Leaving directory '/home/glee/lte/openlte-code/polarssl/build/CMakeFiles/CMakeTmp'
Makefile:126: recipe for target 'cmTC_c94b6/fast' failed
make: *** [cmTC_c94b6/fast] Error 2


